2025-05-16 10:08:10 INFO  o.h.validator.internal.util.Version - HV000001: Hibernate Validator 8.0.2.Final
2025-05-16 10:08:10 INFO  u.d.t.c.UserTableControllerTest - Starting UserTableControllerTest using Java 21.0.7 with PID 29720 (started by violeta in /home/violeta/Downloads/TQS/GreenEV/control-room/backend)
2025-05-16 10:08:10 INFO  u.d.t.c.UserTableControllerTest - The following 1 profile is active: "test"
2025-05-16 10:08:11 INFO  o.s.b.t.m.w.SpringBootMockServletContext - Initializing Spring TestDispatcherServlet ''
2025-05-16 10:08:11 INFO  o.s.t.w.s.TestDispatcherServlet - Initializing Servlet ''
2025-05-16 10:08:11 INFO  o.s.t.w.s.TestDispatcherServlet - Completed initialization in 1 ms
2025-05-16 10:08:11 INFO  u.d.t.c.UserTableControllerTest - Started UserTableControllerTest in 1.993 seconds (process running for 3.109)
2025-05-16 10:08:12 INFO  u.d.t.c.UserTableController - Creating new user ua.deti.tqs.entities.UserTable@1071ae7c
2025-05-16 10:08:12 INFO  u.d.t.c.UserTableController - User created successfully
2025-05-16 10:08:12 INFO  u.d.t.c.UserTableController - Updating user with id 1
2025-05-16 10:08:12 INFO  u.d.t.c.UserTableController - User updated successfully
2025-05-16 10:08:12 INFO  u.d.t.c.UserTableController - Updating user with id 999
2025-05-16 10:08:12 WARN  u.d.t.c.UserTableController - No user not updated
2025-05-16 10:08:12 INFO  u.d.t.c.UserTableController - Fetching user with id 999
2025-05-16 10:08:12 WARN  u.d.t.c.UserTableController - No user found with id 999
2025-05-16 10:08:12 INFO  u.d.t.c.UserTableController - Creating new user ua.deti.tqs.entities.UserTable@1554eaa4
2025-05-16 10:08:12 WARN  u.d.t.c.UserTableController - Invalid user data
2025-05-16 10:08:12 INFO  u.d.t.c.UserTableController - Deleting user with id 999
2025-05-16 10:08:12 WARN  u.d.t.c.UserTableController - User not found
2025-05-16 10:08:12 INFO  u.d.t.c.UserTableController - Fetching user with id 1
2025-05-16 10:08:12 INFO  u.d.t.c.UserTableController - User retrieved successfully
2025-05-16 10:08:12 INFO  u.d.t.c.UserTableController - Deleting user with id 1
2025-05-16 10:08:12 INFO  u.d.t.c.UserTableController - User deleted successfully
